app/build/intermediates/manifest_merge_blame_file/debug/manifest-merger-blame-debug-report.txt
1<?xml version="1.0" encoding="utf-8"?>
2<manifest xmlns:android="http://schemas.android.com/apk/res/android"
3    package="com.tarotiq.app"
4    android:versionCode="1"
5    android:versionName="1.0.0" >
6
7    <uses-sdk
8        android:minSdkVersion="26"
9        android:targetSdkVersion="35" />
10
11    <uses-permission android:name="android.permission.INTERNET" />
11-->src\main\AndroidManifest.xml:5:5-67
11-->src\main\AndroidManifest.xml:5:22-64
12    <uses-permission android:name="android.permission.ACCESS_NETWORK_STATE" />
12-->src\main\AndroidManifest.xml:6:5-79
12-->src\main\AndroidManifest.xml:6:22-76
13    <uses-permission android:name="android.permission.POST_NOTIFICATIONS" />
13-->src\main\AndroidManifest.xml:7:5-77
13-->src\main\AndroidManifest.xml:7:22-74
14    <uses-permission android:name="com.android.vending.BILLING" />
14-->[com.android.billingclient:billing:8.3.0] AndroidManifest.xml:10:5-67
14-->[com.android.billingclient:billing:8.3.0] AndroidManifest.xml:10:22-64
15
16    <queries>
16-->[com.android.billingclient:billing:8.3.0] AndroidManifest.xml:12:5-19:15
17        <intent>
17-->[com.android.billingclient:billing:8.3.0] AndroidManifest.xml:13:9-15:18
18            <action android:name="com.android.vending.billing.InAppBillingService.BIND" />
18-->[com.android.billingclient:billing:8.3.0] AndroidManifest.xml:14:13-91
18-->[com.android.billingclient:billing:8.3.0] AndroidManifest.xml:14:21-88
19        </intent>
20        <intent>
20-->[com.android.billingclient:billing:8.3.0] AndroidManifest.xml:16:9-18:18
21            <action android:name="com.google.android.apps.play.billingtestcompanion.BillingOverrideService.BIND" />
21-->[com.android.billingclient:billing:8.3.0] AndroidManifest.xml:17:13-116
21-->[com.android.billingclient:billing:8.3.0] AndroidManifest.xml:17:21-113
22        </intent>
23        <!-- For browser content -->
24        <intent>
24-->[com.google.android.gms:play-services-ads-lite:23.6.0] AndroidManifest.xml:38:9-44:18
25            <action android:name="android.intent.action.VIEW" />
25-->src\main\AndroidManifest.xml:38:17-69
25-->src\main\AndroidManifest.xml:38:25-66
26
27            <category android:name="android.intent.category.BROWSABLE" />
27-->src\main\AndroidManifest.xml:40:17-78
27-->src\main\AndroidManifest.xml:40:27-75
28
29            <data android:scheme="https" />
29-->src\main\AndroidManifest.xml:41:17-81
29-->src\main\AndroidManifest.xml:41:23-45
30        </intent> <!-- End of browser content -->
31        <!-- For CustomTabsService -->
32        <intent>
32-->[com.google.android.gms:play-services-ads-lite:23.6.0] AndroidManifest.xml:47:9-49:18
33            <action android:name="android.support.customtabs.action.CustomTabsService" />
33-->[com.google.android.gms:play-services-ads-lite:23.6.0] AndroidManifest.xml:48:13-90
33-->[com.google.android.gms:play-services-ads-lite:23.6.0] AndroidManifest.xml:48:21-87
34        </intent> <!-- End of CustomTabsService -->
35        <!-- For MRAID capabilities -->
36        <intent>
36-->[com.google.android.gms:play-services-ads-lite:23.6.0] AndroidManifest.xml:52:9-56:18
37            <action android:name="android.intent.action.INSERT" />
37-->[com.google.android.gms:play-services-ads-lite:23.6.0] AndroidManifest.xml:53:13-67
37-->[com.google.android.gms:play-services-ads-lite:23.6.0] AndroidManifest.xml:53:21-64
38
39            <data android:mimeType="vnd.android.cursor.dir/event" />
39-->src\main\AndroidManifest.xml:41:17-81
40        </intent>
41        <intent>
41-->[com.google.android.gms:play-services-ads-lite:23.6.0] AndroidManifest.xml:57:9-61:18
42            <action android:name="android.intent.action.VIEW" />
42-->src\main\AndroidManifest.xml:38:17-69
42-->src\main\AndroidManifest.xml:38:25-66
43
44            <data android:scheme="sms" />
44-->src\main\AndroidManifest.xml:41:17-81
44-->src\main\AndroidManifest.xml:41:23-45
45        </intent>
46        <intent>
46-->[com.google.android.gms:play-services-ads-lite:23.6.0] AndroidManifest.xml:62:9-66:18
47            <action android:name="android.intent.action.DIAL" />
47-->[com.google.android.gms:play-services-ads-lite:23.6.0] AndroidManifest.xml:63:13-65
47-->[com.google.android.gms:play-services-ads-lite:23.6.0] AndroidManifest.xml:63:21-62
48
49            <data android:path="tel:" />
49-->src\main\AndroidManifest.xml:41:17-81
50        </intent>
51    </queries>
52
53    <uses-permission android:name="com.google.android.providers.gsf.permission.READ_GSERVICES" />
53-->[com.google.android.recaptcha:recaptcha:18.4.0] AndroidManifest.xml:9:5-98
53-->[com.google.android.recaptcha:recaptcha:18.4.0] AndroidManifest.xml:9:22-95
54    <uses-permission android:name="com.google.android.gms.permission.AD_ID" />
54-->[com.google.android.gms:play-services-ads-lite:23.6.0] AndroidManifest.xml:26:5-79
54-->[com.google.android.gms:play-services-ads-lite:23.6.0] AndroidManifest.xml:26:22-76
55    <uses-permission android:name="android.permission.ACCESS_ADSERVICES_AD_ID" />
55-->[com.google.android.gms:play-services-ads-lite:23.6.0] AndroidManifest.xml:27:5-82
55-->[com.google.android.gms:play-services-ads-lite:23.6.0] AndroidManifest.xml:27:22-79
56    <uses-permission android:name="android.permission.ACCESS_ADSERVICES_ATTRIBUTION" />
56-->[com.google.android.gms:play-services-ads-lite:23.6.0] AndroidManifest.xml:28:5-88
56-->[com.google.android.gms:play-services-ads-lite:23.6.0] AndroidManifest.xml:28:22-85
57    <uses-permission android:name="android.permission.ACCESS_ADSERVICES_TOPICS" />
57-->[com.google.android.gms:play-services-ads-lite:23.6.0] AndroidManifest.xml:29:5-83
57-->[com.google.android.gms:play-services-ads-lite:23.6.0] AndroidManifest.xml:29:22-80
58    <uses-permission android:name="android.permission.WAKE_LOCK" />
58-->[androidx.work:work-runtime:2.9.0] AndroidManifest.xml:23:5-68
58-->[androidx.work:work-runtime:2.9.0] AndroidManifest.xml:23:22-65
59    <uses-permission android:name="android.permission.FOREGROUND_SERVICE" /> <!-- Required by older versions of Google Play services to create IID tokens -->
59-->[androidx.work:work-runtime:2.9.0] AndroidManifest.xml:26:5-77
59-->[androidx.work:work-runtime:2.9.0] AndroidManifest.xml:26:22-74
60    <uses-permission android:name="com.google.android.c2dm.permission.RECEIVE" />
60-->[com.google.firebase:firebase-iid:21.1.0] AndroidManifest.xml:26:5-82
60-->[com.google.firebase:firebase-iid:21.1.0] AndroidManifest.xml:26:22-79
61    <uses-permission android:name="com.google.android.finsky.permission.BIND_GET_INSTALL_REFERRER_SERVICE" />
61-->[com.google.android.gms:play-services-measurement:21.5.1] AndroidManifest.xml:26:5-110
61-->[com.google.android.gms:play-services-measurement:21.5.1] AndroidManifest.xml:26:22-107
62
63    <permission
63-->[androidx.core:core:1.12.0] AndroidManifest.xml:22:5-24:47
64        android:name="com.tarotiq.app.DYNAMIC_RECEIVER_NOT_EXPORTED_PERMISSION"
64-->[androidx.core:core:1.12.0] AndroidManifest.xml:23:9-81
65        android:protectionLevel="signature" />
65-->[androidx.core:core:1.12.0] AndroidManifest.xml:24:9-44
66
67    <uses-permission android:name="com.tarotiq.app.DYNAMIC_RECEIVER_NOT_EXPORTED_PERMISSION" />
67-->[androidx.core:core:1.12.0] AndroidManifest.xml:26:5-97
67-->[androidx.core:core:1.12.0] AndroidManifest.xml:26:22-94
68
69    <application
69-->src\main\AndroidManifest.xml:9:5-53:19
70        android:name="com.tarotiq.app.TarotIQApp"
70-->src\main\AndroidManifest.xml:10:9-35
71        android:allowBackup="true"
71-->src\main\AndroidManifest.xml:11:9-35
72        android:appComponentFactory="androidx.core.app.CoreComponentFactory"
72-->[androidx.core:core:1.12.0] AndroidManifest.xml:28:18-86
73        android:dataExtractionRules="@xml/data_extraction_rules"
73-->src\main\AndroidManifest.xml:12:9-65
74        android:debuggable="true"
75        android:extractNativeLibs="false"
76        android:fullBackupContent="@xml/backup_rules"
76-->src\main\AndroidManifest.xml:13:9-54
77        android:icon="@mipmap/ic_launcher"
77-->src\main\AndroidManifest.xml:14:9-43
78        android:label="@string/app_name"
78-->src\main\AndroidManifest.xml:15:9-41
79        android:localeConfig="@xml/locales_config"
79-->src\main\AndroidManifest.xml:19:9-51
80        android:networkSecurityConfig="@xml/network_security_config"
80-->src\main\AndroidManifest.xml:16:9-69
81        android:roundIcon="@mipmap/ic_launcher_round"
81-->src\main\AndroidManifest.xml:17:9-54
82        android:supportsRtl="true"
82-->src\main\AndroidManifest.xml:18:9-35
83        android:testOnly="true"
84        android:theme="@style/Theme.TarotIQ" >
84-->src\main\AndroidManifest.xml:20:9-45
85        <meta-data
85-->src\main\AndroidManifest.xml:23:9-25:70
86            android:name="com.google.android.gms.ads.APPLICATION_ID"
86-->src\main\AndroidManifest.xml:24:13-69
87            android:value="ca-app-pub-9561317089977080~7613196119" />
87-->src\main\AndroidManifest.xml:25:13-67
88
89        <activity
89-->src\main\AndroidManifest.xml:27:9-43:20
90            android:name="com.tarotiq.app.MainActivity"
90-->src\main\AndroidManifest.xml:28:13-41
91            android:exported="true"
91-->src\main\AndroidManifest.xml:29:13-36
92            android:theme="@style/Theme.TarotIQ.Splash"
92-->src\main\AndroidManifest.xml:30:13-56
93            android:windowSoftInputMode="adjustResize" >
93-->src\main\AndroidManifest.xml:31:13-55
94            <intent-filter>
94-->src\main\AndroidManifest.xml:32:13-35:29
95                <action android:name="android.intent.action.MAIN" />
95-->src\main\AndroidManifest.xml:33:17-69
95-->src\main\AndroidManifest.xml:33:25-66
96
97                <category android:name="android.intent.category.LAUNCHER" />
97-->src\main\AndroidManifest.xml:34:17-77
97-->src\main\AndroidManifest.xml:34:27-74
98            </intent-filter>
99            <!-- Deep link for passwordless email sign-in -->
100            <intent-filter android:autoVerify="true" >
100-->src\main\AndroidManifest.xml:37:13-42:29
100-->src\main\AndroidManifest.xml:37:28-53
101                <action android:name="android.intent.action.VIEW" />
101-->src\main\AndroidManifest.xml:38:17-69
101-->src\main\AndroidManifest.xml:38:25-66
102
103                <category android:name="android.intent.category.DEFAULT" />
103-->src\main\AndroidManifest.xml:39:17-76
103-->src\main\AndroidManifest.xml:39:27-73
104                <category android:name="android.intent.category.BROWSABLE" />
104-->src\main\AndroidManifest.xml:40:17-78
104-->src\main\AndroidManifest.xml:40:27-75
105
106                <data
106-->src\main\AndroidManifest.xml:41:17-81
107                    android:host="tarotiq.page.link"
107-->src\main\AndroidManifest.xml:41:46-78
108                    android:scheme="https" />
108-->src\main\AndroidManifest.xml:41:23-45
109            </intent-filter>
110        </activity>
111
112        <provider
113            android:name="androidx.core.content.FileProvider"
113-->src\main\AndroidManifest.xml:45:13-62
114            android:authorities="com.tarotiq.app.fileprovider"
114-->src\main\AndroidManifest.xml:46:13-64
115            android:exported="false"
115-->src\main\AndroidManifest.xml:47:13-37
116            android:grantUriPermissions="true" >
116-->src\main\AndroidManifest.xml:48:13-47
117            <meta-data
117-->src\main\AndroidManifest.xml:49:13-51:54
118                android:name="android.support.FILE_PROVIDER_PATHS"
118-->src\main\AndroidManifest.xml:50:17-67
119                android:resource="@xml/file_paths" />
119-->src\main\AndroidManifest.xml:51:17-51
120        </provider>
121
122        <meta-data
122-->[com.android.billingclient:billing:8.3.0] AndroidManifest.xml:22:9-24:37
123            android:name="com.google.android.play.billingclient.version"
123-->[com.android.billingclient:billing:8.3.0] AndroidManifest.xml:23:13-73
124            android:value="8.3.0" />
124-->[com.android.billingclient:billing:8.3.0] AndroidManifest.xml:24:13-34
125
126        <activity
126-->[com.android.billingclient:billing:8.3.0] AndroidManifest.xml:26:9-30:75
127            android:name="com.android.billingclient.api.ProxyBillingActivity"
127-->[com.android.billingclient:billing:8.3.0] AndroidManifest.xml:27:13-78
128            android:configChanges="keyboard|keyboardHidden|screenLayout|screenSize|orientation"
128-->[com.android.billingclient:billing:8.3.0] AndroidManifest.xml:28:13-96
129            android:exported="false"
129-->[com.android.billingclient:billing:8.3.0] AndroidManifest.xml:29:13-37
130            android:theme="@android:style/Theme.Translucent.NoTitleBar" />
130-->[com.android.billingclient:billing:8.3.0] AndroidManifest.xml:30:13-72
131        <activity
131-->[com.android.billingclient:billing:8.3.0] AndroidManifest.xml:31:9-35:75
132            android:name="com.android.billingclient.api.ProxyBillingActivityV2"
132-->[com.android.billingclient:billing:8.3.0] AndroidManifest.xml:32:13-80
133            android:configChanges="keyboard|keyboardHidden|screenLayout|screenSize|orientation"
133-->[com.android.billingclient:billing:8.3.0] AndroidManifest.xml:33:13-96
134            android:exported="false"
134-->[com.android.billingclient:billing:8.3.0] AndroidManifest.xml:34:13-37
135            android:theme="@android:style/Theme.Translucent.NoTitleBar" />
135-->[com.android.billingclient:billing:8.3.0] AndroidManifest.xml:35:13-72
136        <activity
136-->[com.google.firebase:firebase-auth:22.3.1] AndroidManifest.xml:29:9-46:20
137            android:name="com.google.firebase.auth.internal.GenericIdpActivity"
137-->[com.google.firebase:firebase-auth:22.3.1] AndroidManifest.xml:30:13-80
138            android:excludeFromRecents="true"
138-->[com.google.firebase:firebase-auth:22.3.1] AndroidManifest.xml:31:13-46
139            android:exported="true"
139-->[com.google.firebase:firebase-auth:22.3.1] AndroidManifest.xml:32:13-36
140            android:launchMode="singleTask"
140-->[com.google.firebase:firebase-auth:22.3.1] AndroidManifest.xml:33:13-44
141            android:theme="@android:style/Theme.Translucent.NoTitleBar" >
141-->[com.google.firebase:firebase-auth:22.3.1] AndroidManifest.xml:34:13-72
142            <intent-filter>
142-->[com.google.firebase:firebase-auth:22.3.1] AndroidManifest.xml:35:13-45:29
143                <action android:name="android.intent.action.VIEW" />
143-->src\main\AndroidManifest.xml:38:17-69
143-->src\main\AndroidManifest.xml:38:25-66
144
145                <category android:name="android.intent.category.DEFAULT" />
145-->src\main\AndroidManifest.xml:39:17-76
145-->src\main\AndroidManifest.xml:39:27-73
146                <category android:name="android.intent.category.BROWSABLE" />
146-->src\main\AndroidManifest.xml:40:17-78
146-->src\main\AndroidManifest.xml:40:27-75
147
148                <data
148-->src\main\AndroidManifest.xml:41:17-81
149                    android:host="firebase.auth"
149-->src\main\AndroidManifest.xml:41:46-78
150                    android:path="/"
151                    android:scheme="genericidp" />
151-->src\main\AndroidManifest.xml:41:23-45
152            </intent-filter>
153        </activity>
154        <activity
154-->[com.google.firebase:firebase-auth:22.3.1] AndroidManifest.xml:47:9-64:20
155            android:name="com.google.firebase.auth.internal.RecaptchaActivity"
155-->[com.google.firebase:firebase-auth:22.3.1] AndroidManifest.xml:48:13-79
156            android:excludeFromRecents="true"
156-->[com.google.firebase:firebase-auth:22.3.1] AndroidManifest.xml:49:13-46
157            android:exported="true"
157-->[com.google.firebase:firebase-auth:22.3.1] AndroidManifest.xml:50:13-36
158            android:launchMode="singleTask"
158-->[com.google.firebase:firebase-auth:22.3.1] AndroidManifest.xml:51:13-44
159            android:theme="@android:style/Theme.Translucent.NoTitleBar" >
159-->[com.google.firebase:firebase-auth:22.3.1] AndroidManifest.xml:52:13-72
160            <intent-filter>
160-->[com.google.firebase:firebase-auth:22.3.1] AndroidManifest.xml:53:13-63:29
161                <action android:name="android.intent.action.VIEW" />
161-->src\main\AndroidManifest.xml:38:17-69
161-->src\main\AndroidManifest.xml:38:25-66
162
163                <category android:name="android.intent.category.DEFAULT" />
163-->src\main\AndroidManifest.xml:39:17-76
163-->src\main\AndroidManifest.xml:39:27-73
164                <category android:name="android.intent.category.BROWSABLE" />
164-->src\main\AndroidManifest.xml:40:17-78
164-->src\main\AndroidManifest.xml:40:27-75
165
166                <data
166-->src\main\AndroidManifest.xml:41:17-81
167                    android:host="firebase.auth"
167-->src\main\AndroidManifest.xml:41:46-78
168                    android:path="/"
169                    android:scheme="recaptcha" />
169-->src\main\AndroidManifest.xml:41:23-45
170            </intent-filter>
171        </activity>
172
173        <service
173-->[com.google.firebase:firebase-auth:22.3.1] AndroidManifest.xml:66:9-72:19
174            android:name="com.google.firebase.components.ComponentDiscoveryService"
174-->[com.google.firebase:firebase-auth:22.3.1] AndroidManifest.xml:67:13-84
175            android:directBootAware="true"
175-->[com.google.firebase:firebase-common:20.4.2] AndroidManifest.xml:32:13-43
176            android:exported="false" >
176-->[com.google.firebase:firebase-auth:22.3.1] AndroidManifest.xml:68:13-37
177            <meta-data
177-->[com.google.firebase:firebase-auth:22.3.1] AndroidManifest.xml:69:13-71:85
178                android:name="com.google.firebase.components:com.google.firebase.auth.FirebaseAuthRegistrar"
178-->[com.google.firebase:firebase-auth:22.3.1] AndroidManifest.xml:70:17-109
179                android:value="com.google.firebase.components.ComponentRegistrar" />
179-->[com.google.firebase:firebase-auth:22.3.1] AndroidManifest.xml:71:17-82
180            <meta-data
180-->[com.google.firebase:firebase-functions:20.4.0] AndroidManifest.xml:15:13-17:85
181                android:name="com.google.firebase.components:com.google.firebase.functions.FirebaseFunctionsKtxRegistrar"
181-->[com.google.firebase:firebase-functions:20.4.0] AndroidManifest.xml:16:17-122
182                android:value="com.google.firebase.components.ComponentRegistrar" />
182-->[com.google.firebase:firebase-functions:20.4.0] AndroidManifest.xml:17:17-82
183            <meta-data
183-->[com.google.firebase:firebase-functions:20.4.0] AndroidManifest.xml:18:13-20:85
184                android:name="com.google.firebase.components:com.google.firebase.functions.FunctionsRegistrar"
184-->[com.google.firebase:firebase-functions:20.4.0] AndroidManifest.xml:19:17-111
185                android:value="com.google.firebase.components.ComponentRegistrar" />
185-->[com.google.firebase:firebase-functions:20.4.0] AndroidManifest.xml:20:17-82
186            <meta-data
186-->[com.google.firebase:firebase-firestore:24.10.2] AndroidManifest.xml:17:13-19:85
187                android:name="com.google.firebase.components:com.google.firebase.firestore.FirebaseFirestoreKtxRegistrar"
187-->[com.google.firebase:firebase-firestore:24.10.2] AndroidManifest.xml:18:17-122
188                android:value="com.google.firebase.components.ComponentRegistrar" />
188-->[com.google.firebase:firebase-firestore:24.10.2] AndroidManifest.xml:19:17-82
189            <meta-data
189-->[com.google.firebase:firebase-firestore:24.10.2] AndroidManifest.xml:20:13-22:85
190                android:name="com.google.firebase.components:com.google.firebase.firestore.FirestoreRegistrar"
190-->[com.google.firebase:firebase-firestore:24.10.2] AndroidManifest.xml:21:17-111
191                android:value="com.google.firebase.components.ComponentRegistrar" />
191-->[com.google.firebase:firebase-firestore:24.10.2] AndroidManifest.xml:22:17-82
192            <meta-data
192-->[com.google.firebase:firebase-storage:20.3.0] AndroidManifest.xml:30:13-32:85
193                android:name="com.google.firebase.components:com.google.firebase.storage.FirebaseStorageKtxRegistrar"
193-->[com.google.firebase:firebase-storage:20.3.0] AndroidManifest.xml:31:17-118
194                android:value="com.google.firebase.components.ComponentRegistrar" />
194-->[com.google.firebase:firebase-storage:20.3.0] AndroidManifest.xml:32:17-82
195            <meta-data
195-->[com.google.firebase:firebase-storage:20.3.0] AndroidManifest.xml:33:13-35:85
196                android:name="com.google.firebase.components:com.google.firebase.storage.StorageRegistrar"
196-->[com.google.firebase:firebase-storage:20.3.0] AndroidManifest.xml:34:17-107
197                android:value="com.google.firebase.components.ComponentRegistrar" />
197-->[com.google.firebase:firebase-storage:20.3.0] AndroidManifest.xml:35:17-82
198            <meta-data
198-->[com.google.firebase:firebase-appcheck:17.1.2] AndroidManifest.xml:25:13-27:85
199                android:name="com.google.firebase.components:com.google.firebase.appcheck.FirebaseAppCheckKtxRegistrar"
199-->[com.google.firebase:firebase-appcheck:17.1.2] AndroidManifest.xml:26:17-120
200                android:value="com.google.firebase.components.ComponentRegistrar" />
200-->[com.google.firebase:firebase-appcheck:17.1.2] AndroidManifest.xml:27:17-82
201            <meta-data
201-->[com.google.firebase:firebase-appcheck:17.1.2] AndroidManifest.xml:28:13-30:85
202                android:name="com.google.firebase.components:com.google.firebase.appcheck.FirebaseAppCheckRegistrar"
202-->[com.google.firebase:firebase-appcheck:17.1.2] AndroidManifest.xml:29:17-117
203                android:value="com.google.firebase.components.ComponentRegistrar" />
203-->[com.google.firebase:firebase-appcheck:17.1.2] AndroidManifest.xml:30:17-82
204            <meta-data
204-->[com.google.firebase:firebase-iid:21.1.0] AndroidManifest.xml:32:13-34:85
205                android:name="com.google.firebase.components:com.google.firebase.iid.Registrar"
205-->[com.google.firebase:firebase-iid:21.1.0] AndroidManifest.xml:33:17-96
206                android:value="com.google.firebase.components.ComponentRegistrar" />
206-->[com.google.firebase:firebase-iid:21.1.0] AndroidManifest.xml:34:17-82
207            <meta-data
207-->[com.google.firebase:firebase-crashlytics:18.6.2] AndroidManifest.xml:15:13-17:85
208                android:name="com.google.firebase.components:com.google.firebase.crashlytics.FirebaseCrashlyticsKtxRegistrar"
208-->[com.google.firebase:firebase-crashlytics:18.6.2] AndroidManifest.xml:16:17-126
209                android:value="com.google.firebase.components.ComponentRegistrar" />
209-->[com.google.firebase:firebase-crashlytics:18.6.2] AndroidManifest.xml:17:17-82
210            <meta-data
210-->[com.google.firebase:firebase-crashlytics:18.6.2] AndroidManifest.xml:18:13-20:85
211                android:name="com.google.firebase.components:com.google.firebase.crashlytics.CrashlyticsRegistrar"
211-->[com.google.firebase:firebase-crashlytics:18.6.2] AndroidManifest.xml:19:17-115
212                android:value="com.google.firebase.components.ComponentRegistrar" />
212-->[com.google.firebase:firebase-crashlytics:18.6.2] AndroidManifest.xml:20:17-82
213            <meta-data
213-->[com.google.firebase:firebase-sessions:1.2.1] AndroidManifest.xml:29:13-31:85
214                android:name="com.google.firebase.components:com.google.firebase.sessions.FirebaseSessionsRegistrar"
214-->[com.google.firebase:firebase-sessions:1.2.1] AndroidManifest.xml:30:17-117
215                android:value="com.google.firebase.components.ComponentRegistrar" />
215-->[com.google.firebase:firebase-sessions:1.2.1] AndroidManifest.xml:31:17-82
216            <meta-data
216-->[com.google.android.gms:play-services-measurement-api:21.5.1] AndroidManifest.xml:37:13-39:85
217                android:name="com.google.firebase.components:com.google.firebase.analytics.connector.internal.AnalyticsConnectorRegistrar"
217-->[com.google.android.gms:play-services-measurement-api:21.5.1] AndroidManifest.xml:38:17-139
218                android:value="com.google.firebase.components.ComponentRegistrar" />
218-->[com.google.android.gms:play-services-measurement-api:21.5.1] AndroidManifest.xml:39:17-82
219            <meta-data
219-->[com.google.firebase:firebase-installations:17.2.0] AndroidManifest.xml:15:13-17:85
220                android:name="com.google.firebase.components:com.google.firebase.installations.FirebaseInstallationsKtxRegistrar"
220-->[com.google.firebase:firebase-installations:17.2.0] AndroidManifest.xml:16:17-130
221                android:value="com.google.firebase.components.ComponentRegistrar" />
221-->[com.google.firebase:firebase-installations:17.2.0] AndroidManifest.xml:17:17-82
222            <meta-data
222-->[com.google.firebase:firebase-installations:17.2.0] AndroidManifest.xml:18:13-20:85
223                android:name="com.google.firebase.components:com.google.firebase.installations.FirebaseInstallationsRegistrar"
223-->[com.google.firebase:firebase-installations:17.2.0] AndroidManifest.xml:19:17-127
224                android:value="com.google.firebase.components.ComponentRegistrar" />
224-->[com.google.firebase:firebase-installations:17.2.0] AndroidManifest.xml:20:17-82
225            <meta-data
225-->[com.google.firebase:firebase-common-ktx:20.4.2] AndroidManifest.xml:12:13-14:85
226                android:name="com.google.firebase.components:com.google.firebase.ktx.FirebaseCommonLegacyRegistrar"
226-->[com.google.firebase:firebase-common-ktx:20.4.2] AndroidManifest.xml:13:17-116
227                android:value="com.google.firebase.components.ComponentRegistrar" />
227-->[com.google.firebase:firebase-common-ktx:20.4.2] AndroidManifest.xml:14:17-82
228            <meta-data
228-->[com.google.firebase:firebase-common:20.4.2] AndroidManifest.xml:35:13-37:85
229                android:name="com.google.firebase.components:com.google.firebase.FirebaseCommonKtxRegistrar"
229-->[com.google.firebase:firebase-common:20.4.2] AndroidManifest.xml:36:17-109
230                android:value="com.google.firebase.components.ComponentRegistrar" />
230-->[com.google.firebase:firebase-common:20.4.2] AndroidManifest.xml:37:17-82
231            <meta-data
231-->[com.google.firebase:firebase-datatransport:18.1.8] AndroidManifest.xml:27:13-29:85
232                android:name="com.google.firebase.components:com.google.firebase.datatransport.TransportRegistrar"
232-->[com.google.firebase:firebase-datatransport:18.1.8] AndroidManifest.xml:28:17-115
233                android:value="com.google.firebase.components.ComponentRegistrar" />
233-->[com.google.firebase:firebase-datatransport:18.1.8] AndroidManifest.xml:29:17-82
234        </service>
235        <service
235-->[androidx.credentials:credentials-play-services-auth:1.2.2] AndroidManifest.xml:24:9-32:19
236            android:name="androidx.credentials.playservices.CredentialProviderMetadataHolder"
236-->[androidx.credentials:credentials-play-services-auth:1.2.2] AndroidManifest.xml:25:13-94
237            android:enabled="true"
237-->[androidx.credentials:credentials-play-services-auth:1.2.2] AndroidManifest.xml:26:13-35
238            android:exported="false" >
238-->[androidx.credentials:credentials-play-services-auth:1.2.2] AndroidManifest.xml:27:13-37
239            <meta-data
239-->[androidx.credentials:credentials-play-services-auth:1.2.2] AndroidManifest.xml:29:13-31:104
240                android:name="androidx.credentials.CREDENTIAL_PROVIDER_KEY"
240-->[androidx.credentials:credentials-play-services-auth:1.2.2] AndroidManifest.xml:30:17-76
241                android:value="androidx.credentials.playservices.CredentialProviderPlayServicesImpl" />
241-->[androidx.credentials:credentials-play-services-auth:1.2.2] AndroidManifest.xml:31:17-101
242        </service>
243
244        <activity
244-->[androidx.credentials:credentials-play-services-auth:1.2.2] AndroidManifest.xml:34:9-41:20
245            android:name="androidx.credentials.playservices.HiddenActivity"
245-->[androidx.credentials:credentials-play-services-auth:1.2.2] AndroidManifest.xml:35:13-76
246            android:configChanges="orientation|screenSize|screenLayout|keyboardHidden"
246-->[androidx.credentials:credentials-play-services-auth:1.2.2] AndroidManifest.xml:36:13-87
247            android:enabled="true"
247-->[androidx.credentials:credentials-play-services-auth:1.2.2] AndroidManifest.xml:37:13-35
248            android:exported="false"
248-->[androidx.credentials:credentials-play-services-auth:1.2.2] AndroidManifest.xml:38:13-37
249            android:fitsSystemWindows="true"
249-->[androidx.credentials:credentials-play-services-auth:1.2.2] AndroidManifest.xml:39:13-45
250            android:theme="@style/Theme.Hidden" >
250-->[androidx.credentials:credentials-play-services-auth:1.2.2] AndroidManifest.xml:40:13-48
251        </activity>
252        <activity
252-->[com.google.android.gms:play-services-auth:20.7.0] AndroidManifest.xml:23:9-27:75
253            android:name="com.google.android.gms.auth.api.signin.internal.SignInHubActivity"
253-->[com.google.android.gms:play-services-auth:20.7.0] AndroidManifest.xml:24:13-93
254            android:excludeFromRecents="true"
254-->[com.google.android.gms:play-services-auth:20.7.0] AndroidManifest.xml:25:13-46
255            android:exported="false"
255-->[com.google.android.gms:play-services-auth:20.7.0] AndroidManifest.xml:26:13-37
256            android:theme="@android:style/Theme.Translucent.NoTitleBar" />
256-->[com.google.android.gms:play-services-auth:20.7.0] AndroidManifest.xml:27:13-72
257        <!--
258            Service handling Google Sign-In user revocation. For apps that do not integrate with
259            Google Sign-In, this service will never be started.
260        -->
261        <service
261-->[com.google.android.gms:play-services-auth:20.7.0] AndroidManifest.xml:33:9-37:51